<?xml version="1.0" encoding="UTF-8"?>
<testsuite name="com.travelocity.runners.Login" tests="0" skipped="0" failures="0" errors="0" timestamp="1970-01-01T00:00:00" hostname="DESKTOP-VJHMODI" time="0.0">
  <properties/>
  <system-out><![CDATA[Feature from file:///F:/Repositorio%20Pruebas/PruebaDevco/src/test/resources/features/login.feature

?[33mUndefined scenarios:?[0m
?[33mfile:///F:/Repositorio%20Pruebas/PruebaDevco/src/test/resources/features/login.feature:8?[0m# The user logg-in to the travelocity page

1 Scenarios (?[33m1 undefined?[0m)
2 Steps (?[33m2 undefined?[0m)
0m0,307s


You can implement missing steps with the snippets below:

@Given("that a user has access to the travelocity page")
public void thatAUserHasAccessToTheTravelocityPage() {
    // Write code here that turns the phrase above into concrete actions
    throw new io.cucumber.java.PendingException();
}

@Then("the user see that sees that he was able to enter")
public void theUserSeeThatSeesThatHeWasAbleToEnter() {
    // Write code here that turns the phrase above into concrete actions
    throw new io.cucumber.java.PendingException();
}


]]></system-out>
  <system-err><![CDATA[[Test worker] WARN io.cucumber.junit.CucumberSerenityRunner - By default Cucumber is running in --non-strict mode.
This default will change to --strict and --non-strict will be removed.
You can use --strict or @CucumberOptions(strict = true) to suppress this warning
[Test worker] INFO  - 

-------------------------------------------------------------------------------------
     _______. _______ .______       _______ .__   __.  __  .___________.____    ____ 
    /       ||   ____||   _  \     |   ____||  \ |  | |  | |           |\   \  /   / 
   |   (----`|  |__   |  |_)  |    |  |__   |   \|  | |  | `---|  |----` \   \/   /  
    \   \    |   __|  |      /     |   __|  |  . `  | |  |     |  |       \_    _/   
.----)   |   |  |____ |  |\  \----.|  |____ |  |\   | |  |     |  |         |  |     
|_______/    |_______|| _| `._____||_______||__| \__| |__|     |__|         |__|    
                                                                                     
 News and tutorials at http://www.serenity-bdd.info                                  
 Documentation at https://wakaleo.gitbooks.io/the-serenity-book/content/             
 Join the Serenity Community on Gitter: https://gitter.im/serenity-bdd/serenity-core 
 Serenity BDD Support and Training at http://serenity-bdd.info/#/trainingandsupport  
 Learn Serenity BDD online at https://www.serenitydojo.net                           
-------------------------------------------------------------------------------------

[Test worker] INFO  - Test Suite Started: Login
[pool-2-thread-1] WARN net.thucydides.core.requirements.RequirementsTagProvider - Failed to load requirements: null
java.lang.NullPointerException
	at net.thucydides.core.requirements.model.cucumber.CucumberParser.loadCucumberFeatures(CucumberParser.java:106)
	at net.thucydides.core.requirements.model.cucumber.CucumberParser.loadFeature(CucumberParser.java:72)
	at net.thucydides.core.requirements.model.cucumber.CucumberParser.loadFeatureNarrative(CucumberParser.java:136)
	at net.thucydides.core.requirements.FileSystemRequirementsTagProvider.loadFromFeatureFile(FileSystemRequirementsTagProvider.java:624)
	at net.thucydides.core.requirements.FileSystemRequirementsTagProvider.readRequirementsFromStoryOrFeatureFile(FileSystemRequirementsTagProvider.java:573)
	at java.base/java.util.stream.ReferencePipeline$3$1.accept(ReferencePipeline.java:195)
	at java.base/java.util.Spliterators$ArraySpliterator.forEachRemaining(Spliterators.java:948)
	at java.base/java.util.stream.AbstractPipeline.copyInto(AbstractPipeline.java:484)
	at java.base/java.util.stream.AbstractPipeline.wrapAndCopyInto(AbstractPipeline.java:474)
	at java.base/java.util.stream.ForEachOps$ForEachOp.evaluateSequential(ForEachOps.java:150)
	at java.base/java.util.stream.ForEachOps$ForEachOp$OfRef.evaluateSequential(ForEachOps.java:173)
	at java.base/java.util.stream.AbstractPipeline.evaluate(AbstractPipeline.java:234)
	at java.base/java.util.stream.ReferencePipeline.forEach(ReferencePipeline.java:497)
	at net.thucydides.core.requirements.FileSystemRequirementsTagProvider.capabilitiesAndStoriesIn(FileSystemRequirementsTagProvider.java:197)
	at java.base/java.util.stream.ReferencePipeline$3$1.accept(ReferencePipeline.java:195)
	at java.base/java.util.HashMap$KeySpliterator.forEachRemaining(HashMap.java:1603)
	at java.base/java.util.stream.AbstractPipeline.copyInto(AbstractPipeline.java:484)
	at java.base/java.util.stream.AbstractPipeline.wrapAndCopyInto(AbstractPipeline.java:474)
	at java.base/java.util.stream.ReduceOps$ReduceOp.evaluateSequential(ReduceOps.java:913)
	at java.base/java.util.stream.AbstractPipeline.evaluate(AbstractPipeline.java:234)
	at java.base/java.util.stream.ReferencePipeline.collect(ReferencePipeline.java:578)
	at net.thucydides.core.requirements.FileSystemRequirementsTagProvider.getRequirements(FileSystemRequirementsTagProvider.java:179)
	at net.thucydides.core.requirements.RequirementsProvided.by(RequirementsProvided.java:15)
	at net.thucydides.core.requirements.MultiSourceRequirementsService.getRequirements(MultiSourceRequirementsService.java:40)
	at net.thucydides.core.requirements.BaseRequirementsService.getRequirementTypes(BaseRequirementsService.java:197)
	at net.thucydides.core.reports.html.HtmlAcceptanceTestReporter.addTestOutcomeToContext(HtmlAcceptanceTestReporter.java:163)
	at net.thucydides.core.reports.html.HtmlAcceptanceTestReporter.generateReportFor(HtmlAcceptanceTestReporter.java:107)
	at net.thucydides.core.reports.ReportService.generateReportFor(ReportService.java:239)
	at net.thucydides.core.reports.ReportService.lambda$generateReportsFor$0(ReportService.java:177)
	at java.base/java.util.concurrent.Executors$RunnableAdapter.call(Executors.java:515)
	at java.base/java.util.concurrent.FutureTask.run(FutureTask.java:264)
	at java.base/java.util.concurrent.ThreadPoolExecutor.runWorker(ThreadPoolExecutor.java:1128)
	at java.base/java.util.concurrent.ThreadPoolExecutor$Worker.run(ThreadPoolExecutor.java:628)
	at java.base/java.lang.Thread.run(Thread.java:834)
[pool-2-thread-1] WARN net.thucydides.core.requirements.RequirementsTagProvider - Failed to load requirements: null
java.lang.NullPointerException
	at net.thucydides.core.requirements.model.cucumber.CucumberParser.loadCucumberFeatures(CucumberParser.java:106)
	at net.thucydides.core.requirements.model.cucumber.CucumberParser.loadFeature(CucumberParser.java:72)
	at net.thucydides.core.requirements.model.cucumber.CucumberParser.loadFeatureNarrative(CucumberParser.java:136)
	at net.thucydides.core.requirements.FileSystemRequirementsTagProvider.loadFromFeatureFile(FileSystemRequirementsTagProvider.java:624)
	at net.thucydides.core.requirements.FileSystemRequirementsTagProvider.readRequirementsFromStoryOrFeatureFile(FileSystemRequirementsTagProvider.java:573)
	at java.base/java.util.stream.ReferencePipeline$3$1.accept(ReferencePipeline.java:195)
	at java.base/java.util.Spliterators$ArraySpliterator.forEachRemaining(Spliterators.java:948)
	at java.base/java.util.stream.AbstractPipeline.copyInto(AbstractPipeline.java:484)
	at java.base/java.util.stream.AbstractPipeline.wrapAndCopyInto(AbstractPipeline.java:474)
	at java.base/java.util.stream.ForEachOps$ForEachOp.evaluateSequential(ForEachOps.java:150)
	at java.base/java.util.stream.ForEachOps$ForEachOp$OfRef.evaluateSequential(ForEachOps.java:173)
	at java.base/java.util.stream.AbstractPipeline.evaluate(AbstractPipeline.java:234)
	at java.base/java.util.stream.ReferencePipeline.forEach(ReferencePipeline.java:497)
	at net.thucydides.core.requirements.FileSystemRequirementsTagProvider.capabilitiesAndStoriesIn(FileSystemRequirementsTagProvider.java:197)
	at java.base/java.util.stream.ReferencePipeline$3$1.accept(ReferencePipeline.java:195)
	at java.base/java.util.HashMap$KeySpliterator.forEachRemaining(HashMap.java:1603)
	at java.base/java.util.stream.AbstractPipeline.copyInto(AbstractPipeline.java:484)
	at java.base/java.util.stream.AbstractPipeline.wrapAndCopyInto(AbstractPipeline.java:474)
	at java.base/java.util.stream.ReduceOps$ReduceOp.evaluateSequential(ReduceOps.java:913)
	at java.base/java.util.stream.AbstractPipeline.evaluate(AbstractPipeline.java:234)
	at java.base/java.util.stream.ReferencePipeline.collect(ReferencePipeline.java:578)
	at net.thucydides.core.requirements.FileSystemRequirementsTagProvider.getRequirements(FileSystemRequirementsTagProvider.java:179)
	at net.thucydides.core.requirements.FileSystemRequirementsTagProvider.lastRequirementFrom(FileSystemRequirementsTagProvider.java:461)
	at net.thucydides.core.requirements.FileSystemRequirementsTagProvider.parentRequirementFromPackagePath(FileSystemRequirementsTagProvider.java:354)
	at net.thucydides.core.requirements.FileSystemRequirementsTagProvider.getParentRequirementOf(FileSystemRequirementsTagProvider.java:339)
	at net.thucydides.core.requirements.ParentRequirementsProvided.forOutcome(ParentRequirementsProvided.java:26)
	at net.thucydides.core.requirements.BaseRequirementsService.getParentRequirementOf(BaseRequirementsService.java:138)
	at net.thucydides.core.requirements.BaseRequirementsService.getParentRequirementFor(BaseRequirementsService.java:48)
	at net.thucydides.core.reports.html.HtmlAcceptanceTestReporter.addParentRequirmentFieldToContext(HtmlAcceptanceTestReporter.java:171)
	at net.thucydides.core.reports.html.HtmlAcceptanceTestReporter.addTestOutcomeToContext(HtmlAcceptanceTestReporter.java:165)
	at net.thucydides.core.reports.html.HtmlAcceptanceTestReporter.generateReportFor(HtmlAcceptanceTestReporter.java:107)
	at net.thucydides.core.reports.ReportService.generateReportFor(ReportService.java:239)
	at net.thucydides.core.reports.ReportService.lambda$generateReportsFor$0(ReportService.java:177)
	at java.base/java.util.concurrent.Executors$RunnableAdapter.call(Executors.java:515)
	at java.base/java.util.concurrent.FutureTask.run(FutureTask.java:264)
	at java.base/java.util.concurrent.ThreadPoolExecutor.runWorker(ThreadPoolExecutor.java:1128)
	at java.base/java.util.concurrent.ThreadPoolExecutor$Worker.run(ThreadPoolExecutor.java:628)
	at java.base/java.lang.Thread.run(Thread.java:834)
[pool-2-thread-1] WARN net.thucydides.core.requirements.RequirementsTagProvider - Failed to load requirements: null
java.lang.NullPointerException
	at net.thucydides.core.requirements.model.cucumber.CucumberParser.loadCucumberFeatures(CucumberParser.java:106)
	at net.thucydides.core.requirements.model.cucumber.CucumberParser.loadFeature(CucumberParser.java:72)
	at net.thucydides.core.requirements.model.cucumber.CucumberParser.loadFeatureNarrative(CucumberParser.java:136)
	at net.thucydides.core.requirements.FileSystemRequirementsTagProvider.loadFromFeatureFile(FileSystemRequirementsTagProvider.java:624)
	at net.thucydides.core.requirements.FileSystemRequirementsTagProvider.readRequirementsFromStoryOrFeatureFile(FileSystemRequirementsTagProvider.java:573)
	at java.base/java.util.stream.ReferencePipeline$3$1.accept(ReferencePipeline.java:195)
	at java.base/java.util.Spliterators$ArraySpliterator.forEachRemaining(Spliterators.java:948)
	at java.base/java.util.stream.AbstractPipeline.copyInto(AbstractPipeline.java:484)
	at java.base/java.util.stream.AbstractPipeline.wrapAndCopyInto(AbstractPipeline.java:474)
	at java.base/java.util.stream.ForEachOps$ForEachOp.evaluateSequential(ForEachOps.java:150)
	at java.base/java.util.stream.ForEachOps$ForEachOp$OfRef.evaluateSequential(ForEachOps.java:173)
	at java.base/java.util.stream.AbstractPipeline.evaluate(AbstractPipeline.java:234)
	at java.base/java.util.stream.ReferencePipeline.forEach(ReferencePipeline.java:497)
	at net.thucydides.core.requirements.FileSystemRequirementsTagProvider.capabilitiesAndStoriesIn(FileSystemRequirementsTagProvider.java:197)
	at java.base/java.util.stream.ReferencePipeline$3$1.accept(ReferencePipeline.java:195)
	at java.base/java.util.HashMap$KeySpliterator.forEachRemaining(HashMap.java:1603)
	at java.base/java.util.stream.AbstractPipeline.copyInto(AbstractPipeline.java:484)
	at java.base/java.util.stream.AbstractPipeline.wrapAndCopyInto(AbstractPipeline.java:474)
	at java.base/java.util.stream.ReduceOps$ReduceOp.evaluateSequential(ReduceOps.java:913)
	at java.base/java.util.stream.AbstractPipeline.evaluate(AbstractPipeline.java:234)
	at java.base/java.util.stream.ReferencePipeline.collect(ReferencePipeline.java:578)
	at net.thucydides.core.requirements.FileSystemRequirementsTagProvider.getRequirements(FileSystemRequirementsTagProvider.java:179)
	at net.thucydides.core.requirements.FileSystemRequirementsTagProvider.lastRequirementFrom(FileSystemRequirementsTagProvider.java:461)
	at net.thucydides.core.requirements.FileSystemRequirementsTagProvider.parentRequirementFromPackagePath(FileSystemRequirementsTagProvider.java:354)
	at net.thucydides.core.requirements.FileSystemRequirementsTagProvider.getParentRequirementOf(FileSystemRequirementsTagProvider.java:339)
	at net.thucydides.core.requirements.ParentRequirementsProvided.forOutcome(ParentRequirementsProvided.java:26)
	at net.thucydides.core.requirements.BaseRequirementsService.getParentRequirementOf(BaseRequirementsService.java:138)
	at net.thucydides.core.requirements.BaseRequirementsService.getAncestorRequirementsFor(BaseRequirementsService.java:78)
	at net.thucydides.core.reports.html.HtmlAcceptanceTestReporter.addBreadcrumbs(HtmlAcceptanceTestReporter.java:201)
	at net.thucydides.core.reports.html.HtmlAcceptanceTestReporter.addParentRequirmentFieldToContext(HtmlAcceptanceTestReporter.java:189)
	at net.thucydides.core.reports.html.HtmlAcceptanceTestReporter.addTestOutcomeToContext(HtmlAcceptanceTestReporter.java:165)
	at net.thucydides.core.reports.html.HtmlAcceptanceTestReporter.generateReportFor(HtmlAcceptanceTestReporter.java:107)
	at net.thucydides.core.reports.ReportService.generateReportFor(ReportService.java:239)
	at net.thucydides.core.reports.ReportService.lambda$generateReportsFor$0(ReportService.java:177)
	at java.base/java.util.concurrent.Executors$RunnableAdapter.call(Executors.java:515)
	at java.base/java.util.concurrent.FutureTask.run(FutureTask.java:264)
	at java.base/java.util.concurrent.ThreadPoolExecutor.runWorker(ThreadPoolExecutor.java:1128)
	at java.base/java.util.concurrent.ThreadPoolExecutor$Worker.run(ThreadPoolExecutor.java:628)
	at java.base/java.lang.Thread.run(Thread.java:834)
[pool-2-thread-1] WARN net.thucydides.core.requirements.RequirementsTagProvider - Failed to load requirements: null
java.lang.NullPointerException
	at net.thucydides.core.requirements.model.cucumber.CucumberParser.loadCucumberFeatures(CucumberParser.java:106)
	at net.thucydides.core.requirements.model.cucumber.CucumberParser.loadFeature(CucumberParser.java:72)
	at net.thucydides.core.requirements.model.cucumber.CucumberParser.loadFeatureNarrative(CucumberParser.java:136)
	at net.thucydides.core.requirements.FileSystemRequirementsTagProvider.loadFromFeatureFile(FileSystemRequirementsTagProvider.java:624)
	at net.thucydides.core.requirements.FileSystemRequirementsTagProvider.readRequirementsFromStoryOrFeatureFile(FileSystemRequirementsTagProvider.java:573)
	at java.base/java.util.stream.ReferencePipeline$3$1.accept(ReferencePipeline.java:195)
	at java.base/java.util.Spliterators$ArraySpliterator.forEachRemaining(Spliterators.java:948)
	at java.base/java.util.stream.AbstractPipeline.copyInto(AbstractPipeline.java:484)
	at java.base/java.util.stream.AbstractPipeline.wrapAndCopyInto(AbstractPipeline.java:474)
	at java.base/java.util.stream.ForEachOps$ForEachOp.evaluateSequential(ForEachOps.java:150)
	at java.base/java.util.stream.ForEachOps$ForEachOp$OfRef.evaluateSequential(ForEachOps.java:173)
	at java.base/java.util.stream.AbstractPipeline.evaluate(AbstractPipeline.java:234)
	at java.base/java.util.stream.ReferencePipeline.forEach(ReferencePipeline.java:497)
	at net.thucydides.core.requirements.FileSystemRequirementsTagProvider.capabilitiesAndStoriesIn(FileSystemRequirementsTagProvider.java:197)
	at java.base/java.util.stream.ReferencePipeline$3$1.accept(ReferencePipeline.java:195)
	at java.base/java.util.HashMap$KeySpliterator.forEachRemaining(HashMap.java:1603)
	at java.base/java.util.stream.AbstractPipeline.copyInto(AbstractPipeline.java:484)
	at java.base/java.util.stream.AbstractPipeline.wrapAndCopyInto(AbstractPipeline.java:474)
	at java.base/java.util.stream.ReduceOps$ReduceOp.evaluateSequential(ReduceOps.java:913)
	at java.base/java.util.stream.AbstractPipeline.evaluate(AbstractPipeline.java:234)
	at java.base/java.util.stream.ReferencePipeline.collect(ReferencePipeline.java:578)
	at net.thucydides.core.requirements.FileSystemRequirementsTagProvider.getRequirements(FileSystemRequirementsTagProvider.java:179)
	at net.thucydides.core.requirements.FileSystemRequirementsTagProvider.lastRequirementFrom(FileSystemRequirementsTagProvider.java:461)
	at net.thucydides.core.requirements.FileSystemRequirementsTagProvider.parentRequirementFromPackagePath(FileSystemRequirementsTagProvider.java:354)
	at net.thucydides.core.requirements.FileSystemRequirementsTagProvider.getParentRequirementOf(FileSystemRequirementsTagProvider.java:339)
	at net.thucydides.core.requirements.ParentRequirementsProvided.forOutcome(ParentRequirementsProvided.java:26)
	at net.thucydides.core.requirements.BaseRequirementsService.getParentRequirementOf(BaseRequirementsService.java:138)
	at net.thucydides.core.requirements.BaseRequirementsService.getAncestorRequirementsFor(BaseRequirementsService.java:78)
	at net.thucydides.core.tags.BreadcrumbTagFilter.getRequirementBreadcrumbsFrom(BreadcrumbTagFilter.java:51)
	at net.thucydides.core.reports.html.HtmlAcceptanceTestReporter.addBreadcrumbs(HtmlAcceptanceTestReporter.java:202)
	at net.thucydides.core.reports.html.HtmlAcceptanceTestReporter.addParentRequirmentFieldToContext(HtmlAcceptanceTestReporter.java:189)
	at net.thucydides.core.reports.html.HtmlAcceptanceTestReporter.addTestOutcomeToContext(HtmlAcceptanceTestReporter.java:165)
	at net.thucydides.core.reports.html.HtmlAcceptanceTestReporter.generateReportFor(HtmlAcceptanceTestReporter.java:107)
	at net.thucydides.core.reports.ReportService.generateReportFor(ReportService.java:239)
	at net.thucydides.core.reports.ReportService.lambda$generateReportsFor$0(ReportService.java:177)
	at java.base/java.util.concurrent.Executors$RunnableAdapter.call(Executors.java:515)
	at java.base/java.util.concurrent.FutureTask.run(FutureTask.java:264)
	at java.base/java.util.concurrent.ThreadPoolExecutor.runWorker(ThreadPoolExecutor.java:1128)
	at java.base/java.util.concurrent.ThreadPoolExecutor$Worker.run(ThreadPoolExecutor.java:628)
	at java.base/java.lang.Thread.run(Thread.java:834)
[pool-2-thread-1] WARN net.thucydides.core.requirements.RequirementsTagProvider - Failed to load requirements: null
java.lang.NullPointerException
	at net.thucydides.core.requirements.model.cucumber.CucumberParser.loadCucumberFeatures(CucumberParser.java:106)
	at net.thucydides.core.requirements.model.cucumber.CucumberParser.loadFeature(CucumberParser.java:72)
	at net.thucydides.core.requirements.model.cucumber.CucumberParser.loadFeatureNarrative(CucumberParser.java:136)
	at net.thucydides.core.requirements.FileSystemRequirementsTagProvider.loadFromFeatureFile(FileSystemRequirementsTagProvider.java:624)
	at net.thucydides.core.requirements.FileSystemRequirementsTagProvider.readRequirementsFromStoryOrFeatureFile(FileSystemRequirementsTagProvider.java:573)
	at java.base/java.util.stream.ReferencePipeline$3$1.accept(ReferencePipeline.java:195)
	at java.base/java.util.Spliterators$ArraySpliterator.forEachRemaining(Spliterators.java:948)
	at java.base/java.util.stream.AbstractPipeline.copyInto(AbstractPipeline.java:484)
	at java.base/java.util.stream.AbstractPipeline.wrapAndCopyInto(AbstractPipeline.java:474)
	at java.base/java.util.stream.ForEachOps$ForEachOp.evaluateSequential(ForEachOps.java:150)
	at java.base/java.util.stream.ForEachOps$ForEachOp$OfRef.evaluateSequential(ForEachOps.java:173)
	at java.base/java.util.stream.AbstractPipeline.evaluate(AbstractPipeline.java:234)
	at java.base/java.util.stream.ReferencePipeline.forEach(ReferencePipeline.java:497)
	at net.thucydides.core.requirements.FileSystemRequirementsTagProvider.capabilitiesAndStoriesIn(FileSystemRequirementsTagProvider.java:197)
	at java.base/java.util.stream.ReferencePipeline$3$1.accept(ReferencePipeline.java:195)
	at java.base/java.util.HashMap$KeySpliterator.forEachRemaining(HashMap.java:1603)
	at java.base/java.util.stream.AbstractPipeline.copyInto(AbstractPipeline.java:484)
	at java.base/java.util.stream.AbstractPipeline.wrapAndCopyInto(AbstractPipeline.java:474)
	at java.base/java.util.stream.ReduceOps$ReduceOp.evaluateSequential(ReduceOps.java:913)
	at java.base/java.util.stream.AbstractPipeline.evaluate(AbstractPipeline.java:234)
	at java.base/java.util.stream.ReferencePipeline.collect(ReferencePipeline.java:578)
	at net.thucydides.core.requirements.FileSystemRequirementsTagProvider.getRequirements(FileSystemRequirementsTagProvider.java:179)
	at net.thucydides.core.requirements.RequirementsProvided.by(RequirementsProvided.java:15)
	at net.thucydides.core.requirements.MultiSourceRequirementsService.getRequirements(MultiSourceRequirementsService.java:40)
	at net.thucydides.core.requirements.BaseRequirementsService.getRequirementTypes(BaseRequirementsService.java:197)
	at net.thucydides.core.reports.html.TagFilter.removeHiddenTagsFrom(TagFilter.java:107)
	at net.thucydides.core.reports.html.HtmlAcceptanceTestReporter.addTags(HtmlAcceptanceTestReporter.java:196)
	at net.thucydides.core.reports.html.HtmlAcceptanceTestReporter.addParentRequirmentFieldToContext(HtmlAcceptanceTestReporter.java:190)
	at net.thucydides.core.reports.html.HtmlAcceptanceTestReporter.addTestOutcomeToContext(HtmlAcceptanceTestReporter.java:165)
	at net.thucydides.core.reports.html.HtmlAcceptanceTestReporter.generateReportFor(HtmlAcceptanceTestReporter.java:107)
	at net.thucydides.core.reports.ReportService.generateReportFor(ReportService.java:239)
	at net.thucydides.core.reports.ReportService.lambda$generateReportsFor$0(ReportService.java:177)
	at java.base/java.util.concurrent.Executors$RunnableAdapter.call(Executors.java:515)
	at java.base/java.util.concurrent.FutureTask.run(FutureTask.java:264)
	at java.base/java.util.concurrent.ThreadPoolExecutor.runWorker(ThreadPoolExecutor.java:1128)
	at java.base/java.util.concurrent.ThreadPoolExecutor$Worker.run(ThreadPoolExecutor.java:628)
	at java.base/java.lang.Thread.run(Thread.java:834)
]]></system-err>
</testsuite>
